<?xml version="1.0" encoding="UTF-8"?>
<!-- Generated by org.testng.reporters.JUnitReportReporter -->
<testsuite hostname="W1651507" name="testcases.FacebookLoginTestPass" tests="1" failures="0" timestamp="28 Apr 2020 20:41:20 GMT" time="8.526" errors="0">
  <testcase name="init" time="8.526" classname="testcases.FacebookLoginTestPass"/>
</testsuite> <!-- testcases.FacebookLoginTestPass -->
