<?xml version="1.0" encoding="UTF-8"?>
<!-- Generated by org.testng.reporters.JUnitReportReporter -->
<testsuite hostname="W1651507" name="testcases.FacebookLoginTestPass" tests="1" failures="0" timestamp="12 Apr 2020 21:48:17 GMT" time="8.273" errors="0">
  <testcase name="init" time="8.273" classname="testcases.FacebookLoginTestPass"/>
</testsuite> <!-- testcases.FacebookLoginTestPass -->
