<?xml version="1.0" encoding="UTF-8"?>
<!-- Generated by org.testng.reporters.JUnitReportReporter -->
<testsuite skipped="0" hostname="W1651507" name="testcases.FacebookLoginTestPass" tests="1" failures="0" timestamp="13 Apr 2020 19:57:49 GMT" time="7.824" errors="0">
  <testcase name="init" time="7.824" classname="testcases.FacebookLoginTestPass"/>
</testsuite> <!-- testcases.FacebookLoginTestPass -->
